<?xml version="1.0" encoding="UTF-8"?>
<testsuite xmlns:xsi="http://www.w3.org/2001/XMLSchema-instance" xsi:noNamespaceSchemaLocation="https://maven.apache.org/surefire/maven-surefire-plugin/xsd/surefire-test-report-3.0.xsd" version="3.0" name="com.scriptorium.pali.NounCasesTest" time="0.07" tests="7" errors="0" skipped="2" failures="0">
  <properties>
[...]
</properties>
  <testcase name="notFoundPossibleForms" classname="com.scriptorium.pali.NounCasesTest" time="0.039"/>
  <testcase name="searchBackItthi" classname="com.scriptorium.pali.NounCasesTest" time="0.009">
    <system-out><![CDATA[========= itthiyā ==========
[I, sg]
[D, sg]
[Abl, sg]
[G, sg]
[L, sg]
========= itthīnaṃ ==========
[D, pl]
[G, pl]
========= itthī ==========
[N, pl]
[A, pl]
[Voc, pl]
]]></system-out>
  </testcase>
  <testcase name="printPurisa" classname="com.scriptorium.pali.NounCasesTest" time="0">
    <skipped message="Just for printing forms"/>
  </testcase>
  <testcase name="searchBackDhamma" classname="com.scriptorium.pali.NounCasesTest" time="0.003">
    <system-out><![CDATA[========= dhammassa ==========
[D, sg]
[G, sg]
========= dhammā ==========
[Abl, sg]
[N, pl]
[Voc, pl]
]]></system-out>
  </testcase>
  <testcase name="printItthi" classname="com.scriptorium.pali.NounCasesTest" time="0">
    <skipped message="Just for printing forms"/>
  </testcase>
  <testcase name="getDhamma" classname="com.scriptorium.pali.NounCasesTest" time="0.006"/>
  <testcase name="getItthi" classname="com.scriptorium.pali.NounCasesTest" time="0.003"/>
</testsuite>