<?xml version="1.0" encoding="UTF-8"?>
<testsuite xmlns:xsi="http://www.w3.org/2001/XMLSchema-instance" xsi:noNamespaceSchemaLocation="https://maven.apache.org/surefire/maven-surefire-plugin/xsd/surefire-test-report-3.0.xsd" version="3.0" name="com.scriptorium.pali.NounEndingTypeTest" time="0.056" tests="8" errors="0" skipped="0" failures="0">
  <properties>
[...]
</properties>
  <testcase name="testLongA" classname="com.scriptorium.pali.NounEndingTypeTest" time="0.027"/>
  <testcase name="testLongI" classname="com.scriptorium.pali.NounEndingTypeTest" time="0.001"/>
  <testcase name="testLongU" classname="com.scriptorium.pali.NounEndingTypeTest" time="0.001"/>
  <testcase name="testMant" classname="com.scriptorium.pali.NounEndingTypeTest" time="0.001"/>
  <testcase name="testVant" classname="com.scriptorium.pali.NounEndingTypeTest" time="0.001"/>
  <testcase name="testSimpleA" classname="com.scriptorium.pali.NounEndingTypeTest" time="0.001"/>
  <testcase name="testSimpleI" classname="com.scriptorium.pali.NounEndingTypeTest" time="0.001"/>
  <testcase name="testSimpleU" classname="com.scriptorium.pali.NounEndingTypeTest" time="0"/>
</testsuite>